#
# There is insufficient memory for the Java Runtime Environment to continue.
# Native memory allocation (malloc) failed to allocate 1304896 bytes for Chunk::new
# Possible reasons:
#   The system is out of physical RAM or swap space
#   The process is running with CompressedOops enabled, and the Java Heap may be blocking the growth of the native heap
# Possible solutions:
#   Reduce memory load on the system
#   Increase physical memory or swap space
#   Check if swap backing store is full
#   Decrease Java heap size (-Xmx/-Xms)
#   Decrease number of Java threads
#   Decrease Java thread stack sizes (-Xss)
#   Set larger code cache with -XX:ReservedCodeCacheSize=
#   JVM is running with Unscaled Compressed Oops mode in which the Java heap is
#     placed in the first 4GB address space. The Java Heap base address is the
#     maximum limit for the native heap growth. Please use -XX:HeapBaseMinAddress
#     to set the Java Heap base and to place the Java Heap above 4GB virtual address.
# This output file may be truncated or incomplete.
#
#  Out of Memory Error (./open/src/hotspot/share/memory/arena.cpp:195), pid=22100, tid=17524
#
# JRE version: OpenJDK Runtime Environment (15.0.2+7) (build 15.0.2+7-27)
# Java VM: OpenJDK 64-Bit Server VM (15.0.2+7-27, mixed mode, tiered, compressed oops, g1 gc, windows-amd64)
# No core dump will be written. Minidumps are not enabled by default on client versions of Windows
#

---------------  S U M M A R Y ------------

Command Line: -ea -Dfile.encoding=Cp1252 -XX:+ShowCodeDetailsInExceptionMessages org.testng.remote.RemoteTestNG -serport 57919 -protocol json -d C:\Users\jayab\eclipse-workspace\NewModelWithReport\NewModelWithReport\test-output C:\Users\jayab\eclipse-workspace\NewModelWithReport\NewModelWithReport\testng.xml

Host: Intel(R) Core(TM) i3-1005G1 CPU @ 1.20GHz, 4 cores, 3G,  Windows 10 , 64 bit Build 19041 (10.0.19041.804)
Time: Fri Apr 16 15:46:09 2021 Arab Standard Time elapsed time: 9.695350 seconds (0d 0h 0m 9s)

---------------  T H R E A D  ---------------

Current thread (0x00000177c50c7650):  JavaThread "C2 CompilerThread0" daemon [_thread_in_native, id=17524, stack(0x000000225b600000,0x000000225b700000)]


Current CompileTask:
C2:   9695 2662   !   4       jdk.internal.loader.BuiltinClassLoader::loadClassOrNull (143 bytes)

Stack: [0x000000225b600000,0x000000225b700000]
Native frames: (J=compiled Java code, j=interpreted, Vv=VM code, C=native code)
V  [jvm.dll+0x62ae9a]
V  [jvm.dll+0x7817a9]
V  [jvm.dll+0x782f03]
V  [jvm.dll+0x783563]
V  [jvm.dll+0x216325]
V  [jvm.dll+0x97f3a]
V  [jvm.dll+0x9861c]
V  [jvm.dll+0x279f9f]
V  [jvm.dll+0x540794]
V  [jvm.dll+0x1f3124]
V  [jvm.dll+0x1ecaf1]
V  [jvm.dll+0x1e9867]
V  [jvm.dll+0x178567]
V  [jvm.dll+0x1f9225]
V  [jvm.dll+0x1f72cc]
V  [jvm.dll+0x74495d]
V  [jvm.dll+0x73d75a]
V  [jvm.dll+0x629c56]
C  [ucrtbase.dll+0x21bb2]
C  [KERNEL32.DLL+0x17034]
C  [ntdll.dll+0x52651]


---------------  P R O C E S S  ---------------

Threads class SMR info:
_java_thread_list=0x00000177c782ed40, length=23, elements={
0x00000177ad56b1d0, 0x00000177c4886070, 0x00000177c4886a30, 0x00000177c50c16c0,
0x00000177c50c1f80, 0x00000177c50c4950, 0x00000177c50c7650, 0x00000177c50d0530,
0x00000177c50dd620, 0x00000177c53800a0, 0x00000177c5384a30, 0x00000177c6451820,
0x00000177c6a7b5c0, 0x00000177c8c20040, 0x00000177c7cbebe0, 0x00000177c7ac91d0,
0x00000177c691f6e0, 0x00000177c7693550, 0x00000177c7691d40, 0x00000177c7690060,
0x00000177c7690530, 0x00000177c7693a20, 0x00000177c7692210
}

Java Threads: ( => current thread )
  0x00000177ad56b1d0 JavaThread "Forwarding get on session ad4318d69d007734a7c86f24f7a504cf to remote" [_thread_blocked, id=13668, stack(0x000000225aa00000,0x000000225ab00000)]
  0x00000177c4886070 JavaThread "Reference Handler" daemon [_thread_blocked, id=19924, stack(0x000000225b100000,0x000000225b200000)]
  0x00000177c4886a30 JavaThread "Finalizer" daemon [_thread_blocked, id=6544, stack(0x000000225b200000,0x000000225b300000)]
  0x00000177c50c16c0 JavaThread "Signal Dispatcher" daemon [_thread_blocked, id=14588, stack(0x000000225b300000,0x000000225b400000)]
  0x00000177c50c1f80 JavaThread "Attach Listener" daemon [_thread_blocked, id=19188, stack(0x000000225b400000,0x000000225b500000)]
  0x00000177c50c4950 JavaThread "Service Thread" daemon [_thread_blocked, id=22148, stack(0x000000225b500000,0x000000225b600000)]
=>0x00000177c50c7650 JavaThread "C2 CompilerThread0" daemon [_thread_in_native, id=17524, stack(0x000000225b600000,0x000000225b700000)]
  0x00000177c50d0530 JavaThread "C1 CompilerThread0" daemon [_thread_blocked, id=15756, stack(0x000000225b700000,0x000000225b800000)]
  0x00000177c50dd620 JavaThread "Sweeper thread" daemon [_thread_blocked, id=12268, stack(0x000000225b800000,0x000000225b900000)]
  0x00000177c53800a0 JavaThread "Notification Thread" daemon [_thread_blocked, id=20644, stack(0x000000225b900000,0x000000225ba00000)]
  0x00000177c5384a30 JavaThread "Common-Cleaner" daemon [_thread_blocked, id=9260, stack(0x000000225bb00000,0x000000225bc00000)]
  0x00000177c6451820 JavaThread "ReaderThread" [_thread_in_native, id=10004, stack(0x000000225be00000,0x000000225bf00000)]
  0x00000177c6a7b5c0 JavaThread "ForkJoinPool.commonPool-worker-3" daemon [_thread_blocked, id=11320, stack(0x000000225c100000,0x000000225c200000)]
  0x00000177c8c20040 JavaThread "AsyncHttpClient-timer-1-1" [_thread_blocked, id=11752, stack(0x000000225c200000,0x000000225c300000)]
  0x00000177c7cbebe0 JavaThread "Exec Default Executor" daemon [_thread_in_native, id=16488, stack(0x000000225c300000,0x000000225c400000)]
  0x00000177c7ac91d0 JavaThread "ForkJoinPool.commonPool-worker-5" daemon [_thread_blocked, id=10848, stack(0x000000225c400000,0x000000225c500000)]
  0x00000177c691f6e0 JavaThread "UrlChecker-2" daemon [_thread_blocked, id=14608, stack(0x000000225c500000,0x000000225c600000)]
  0x00000177c7693550 JavaThread "Exec Stream Pumper" daemon [_thread_in_native, id=21976, stack(0x000000225c600000,0x000000225c700000)]
  0x00000177c7691d40 JavaThread "Exec Stream Pumper" daemon [_thread_in_native, id=15200, stack(0x000000225c700000,0x000000225c800000)]
  0x00000177c7690060 JavaThread "Keep-Alive-Timer" daemon [_thread_blocked, id=19936, stack(0x000000225c800000,0x000000225c900000)]
  0x00000177c7690530 JavaThread "AsyncHttpClient-3-1" [_thread_in_native, id=13464, stack(0x000000225c900000,0x000000225ca00000)]
  0x00000177c7693a20 JavaThread "AsyncHttpClient-3-2" [_thread_in_native, id=6824, stack(0x000000225ca00000,0x000000225cb00000)]
  0x00000177c7692210 JavaThread "AsyncHttpClient-3-3" [_thread_in_native, id=5408, stack(0x000000225cb00000,0x000000225cc00000)]

Other Threads:
  0x00000177c485bc80 VMThread "VM Thread" [stack: 0x000000225b000000,0x000000225b100000] [id=12356]
  0x00000177c5384580 WatcherThread [stack: 0x000000225ba00000,0x000000225bb00000] [id=7320]
  0x00000177ad599420 GCTaskThread "GC Thread#0" [stack: 0x000000225ab00000,0x000000225ac00000] [id=21864]
  0x00000177c58b50c0 GCTaskThread "GC Thread#1" [stack: 0x000000225bc00000,0x000000225bd00000] [id=18596]
  0x00000177c58b5a50 GCTaskThread "GC Thread#2" [stack: 0x000000225bf00000,0x000000225c000000] [id=3456]
  0x00000177c58b6d70 GCTaskThread "GC Thread#3" [stack: 0x000000225c000000,0x000000225c100000] [id=4284]
  0x00000177ad5a2620 ConcurrentGCThread "G1 Main Marker" [stack: 0x000000225ac00000,0x000000225ad00000] [id=6212]
  0x00000177ad5a41b0 ConcurrentGCThread "G1 Conc#0" [stack: 0x000000225ad00000,0x000000225ae00000] [id=16124]
  0x00000177ad628750 ConcurrentGCThread "G1 Refine#0" [stack: 0x000000225ae00000,0x000000225af00000] [id=21016]
  0x00000177ad629fb0 ConcurrentGCThread "G1 Young RemSet Sampling" [stack: 0x000000225af00000,0x000000225b000000] [id=11036]

Threads with active compile tasks:
C2 CompilerThread0     9730 2662   !   4       jdk.internal.loader.BuiltinClassLoader::loadClassOrNull (143 bytes)

VM state: not at safepoint (normal execution)

VM Mutex/Monitor currently owned by a thread: None

Heap address: 0x00000000c3c00000, size: 964 MB, Compressed Oops mode: 32-bit
CDS disabled.
Compressed class space mapped at: 0x0000000100000000-0x0000000140000000, size: 1073741824
Narrow klass base: 0x0000000000000000, Narrow klass shift: 3, Narrow klass range: 0x140000000

GC Precious Log:
 CPUs: 4 total, 4 available
 Memory: 3850M
 Large Page Support: Disabled
 NUMA Support: Disabled
 Compressed Oops: Enabled (32-bit)
 Heap Region Size: 1M
 Heap Min Capacity: 8M
 Heap Initial Capacity: 62M
 Heap Max Capacity: 964M
 Pre-touch: Disabled
 Parallel Workers: 4
 Concurrent Workers: 1
 Concurrent Refinement Workers: 4
 Periodic GC: Disabled

Heap:
 garbage-first heap   total 63488K, used 38904K [0x00000000c3c00000, 0x0000000100000000)
  region size 1024K, 7 young (7168K), 2 survivors (2048K)
 Metaspace       used 35078K, capacity 35343K, committed 35632K, reserved 1081344K
  class space    used 3767K, capacity 3857K, committed 3968K, reserved 1048576K

Heap Regions: E=young(eden), S=young(survivor), O=old, HS=humongous(starts), HC=humongous(continues), CS=collection set, F=free, OA=open archive, CA=closed archive, TAMS=top-at-mark-start (previous, next)
|   0|0x00000000c3c00000, 0x00000000c3d00000, 0x00000000c3d00000|100%|HS|  |TAMS 0x00000000c3d00000, 0x00000000c3c00000| Complete 
|   1|0x00000000c3d00000, 0x00000000c3e00000, 0x00000000c3e00000|100%| O|  |TAMS 0x00000000c3d00000, 0x00000000c3d00000| Untracked 
|   2|0x00000000c3e00000, 0x00000000c3f00000, 0x00000000c3f00000|100%| O|  |TAMS 0x00000000c3f00000, 0x00000000c3e00000| Untracked 
|   3|0x00000000c3f00000, 0x00000000c4000000, 0x00000000c4000000|100%| O|  |TAMS 0x00000000c4000000, 0x00000000c3f00000| Untracked 
|   4|0x00000000c4000000, 0x00000000c4100000, 0x00000000c4100000|100%| O|  |TAMS 0x00000000c4100000, 0x00000000c4000000| Untracked 
|   5|0x00000000c4100000, 0x00000000c4200000, 0x00000000c4200000|100%| O|  |TAMS 0x00000000c4200000, 0x00000000c4100000| Untracked 
|   6|0x00000000c4200000, 0x00000000c4300000, 0x00000000c4300000|100%| O|  |TAMS 0x00000000c4300000, 0x00000000c4200000| Untracked 
|   7|0x00000000c4300000, 0x00000000c4400000, 0x00000000c4400000|100%| O|  |TAMS 0x00000000c4400000, 0x00000000c4300000| Untracked 
|   8|0x00000000c4400000, 0x00000000c4500000, 0x00000000c4500000|100%| O|  |TAMS 0x00000000c4500000, 0x00000000c4400000| Untracked 
|   9|0x00000000c4500000, 0x00000000c4600000, 0x00000000c4600000|100%| O|  |TAMS 0x00000000c4600000, 0x00000000c4500000| Untracked 
|  10|0x00000000c4600000, 0x00000000c4700000, 0x00000000c4700000|100%| O|  |TAMS 0x00000000c4700000, 0x00000000c4600000| Untracked 
|  11|0x00000000c4700000, 0x00000000c471a400, 0x00000000c4800000| 10%| O|  |TAMS 0x00000000c471a400, 0x00000000c4700000| Untracked 
|  12|0x00000000c4800000, 0x00000000c4900000, 0x00000000c4900000|100%| O|  |TAMS 0x00000000c4900000, 0x00000000c4800000| Untracked 
|  13|0x00000000c4900000, 0x00000000c4a00000, 0x00000000c4a00000|100%| O|  |TAMS 0x00000000c49bd000, 0x00000000c4900000| Untracked 
|  14|0x00000000c4a00000, 0x00000000c4b00000, 0x00000000c4b00000|100%| O|  |TAMS 0x00000000c4a00000, 0x00000000c4a00000| Untracked 
|  15|0x00000000c4b00000, 0x00000000c4c00000, 0x00000000c4c00000|100%| O|  |TAMS 0x00000000c4b00000, 0x00000000c4b00000| Untracked 
|  16|0x00000000c4c00000, 0x00000000c4cb7800, 0x00000000c4d00000| 71%| O|  |TAMS 0x00000000c4c00000, 0x00000000c4c00000| Untracked 
|  17|0x00000000c4d00000, 0x00000000c4e00000, 0x00000000c4e00000|100%|HS|  |TAMS 0x00000000c4d00000, 0x00000000c4d00000| Complete 
|  18|0x00000000c4e00000, 0x00000000c4f00000, 0x00000000c4f00000|100%|HC|  |TAMS 0x00000000c4e00000, 0x00000000c4e00000| Complete 
|  19|0x00000000c4f00000, 0x00000000c5000000, 0x00000000c5000000|100%|HC|  |TAMS 0x00000000c4f00000, 0x00000000c4f00000| Complete 
|  20|0x00000000c5000000, 0x00000000c5100000, 0x00000000c5100000|100%|HC|  |TAMS 0x00000000c5000000, 0x00000000c5000000| Complete 
|  21|0x00000000c5100000, 0x00000000c5200000, 0x00000000c5200000|100%|HC|  |TAMS 0x00000000c5100000, 0x00000000c5100000| Complete 
|  22|0x00000000c5200000, 0x00000000c5300000, 0x00000000c5300000|100%|HC|  |TAMS 0x00000000c5200000, 0x00000000c5200000| Complete 
|  23|0x00000000c5300000, 0x00000000c5400000, 0x00000000c5400000|100%|HC|  |TAMS 0x00000000c5300000, 0x00000000c5300000| Complete 
|  24|0x00000000c5400000, 0x00000000c5500000, 0x00000000c5500000|100%|HC|  |TAMS 0x00000000c5400000, 0x00000000c5400000| Complete 
|  25|0x00000000c5500000, 0x00000000c5600000, 0x00000000c5600000|100%|HC|  |TAMS 0x00000000c5500000, 0x00000000c5500000| Complete 
|  26|0x00000000c5600000, 0x00000000c5700000, 0x00000000c5700000|100%|HC|  |TAMS 0x00000000c5600000, 0x00000000c5600000| Complete 
|  27|0x00000000c5700000, 0x00000000c5800000, 0x00000000c5800000|100%|HC|  |TAMS 0x00000000c5700000, 0x00000000c5700000| Complete 
|  28|0x00000000c5800000, 0x00000000c5900000, 0x00000000c5900000|100%|HC|  |TAMS 0x00000000c5800000, 0x00000000c5800000| Complete 
|  29|0x00000000c5900000, 0x00000000c5a00000, 0x00000000c5a00000|100%|HC|  |TAMS 0x00000000c5900000, 0x00000000c5900000| Complete 
|  30|0x00000000c5a00000, 0x00000000c5b00000, 0x00000000c5b00000|100%|HC|  |TAMS 0x00000000c5a00000, 0x00000000c5a00000| Complete 
|  31|0x00000000c5b00000, 0x00000000c5c00000, 0x00000000c5c00000|100%|HC|  |TAMS 0x00000000c5b00000, 0x00000000c5b00000| Complete 
|  32|0x00000000c5c00000, 0x00000000c5d00000, 0x00000000c5d00000|100%|HC|  |TAMS 0x00000000c5c00000, 0x00000000c5c00000| Complete 
|  33|0x00000000c5d00000, 0x00000000c5e00000, 0x00000000c5e00000|100%|HC|  |TAMS 0x00000000c5d00000, 0x00000000c5d00000| Complete 
|  34|0x00000000c5e00000, 0x00000000c5e00000, 0x00000000c5f00000|  0%| F|  |TAMS 0x00000000c5e00000, 0x00000000c5e00000| Untracked 
|  35|0x00000000c5f00000, 0x00000000c5f2c588, 0x00000000c6000000| 17%| S|CS|TAMS 0x00000000c5f00000, 0x00000000c5f00000| Complete 
|  36|0x00000000c6000000, 0x00000000c6100000, 0x00000000c6100000|100%| S|CS|TAMS 0x00000000c6000000, 0x00000000c6000000| Complete 
|  37|0x00000000c6100000, 0x00000000c6100000, 0x00000000c6200000|  0%| F|  |TAMS 0x00000000c6100000, 0x00000000c6100000| Untracked 
|  38|0x00000000c6200000, 0x00000000c6200000, 0x00000000c6300000|  0%| F|  |TAMS 0x00000000c6200000, 0x00000000c6200000| Untracked 
|  39|0x00000000c6300000, 0x00000000c6300000, 0x00000000c6400000|  0%| F|  |TAMS 0x00000000c6300000, 0x00000000c6300000| Untracked 
|  40|0x00000000c6400000, 0x00000000c6400000, 0x00000000c6500000|  0%| F|  |TAMS 0x00000000c6400000, 0x00000000c6400000| Untracked 
|  41|0x00000000c6500000, 0x00000000c6500000, 0x00000000c6600000|  0%| F|  |TAMS 0x00000000c6500000, 0x00000000c6500000| Untracked 
|  42|0x00000000c6600000, 0x00000000c6600000, 0x00000000c6700000|  0%| F|  |TAMS 0x00000000c6600000, 0x00000000c6600000| Untracked 
|  43|0x00000000c6700000, 0x00000000c6700000, 0x00000000c6800000|  0%| F|  |TAMS 0x00000000c6700000, 0x00000000c6700000| Untracked 
|  44|0x00000000c6800000, 0x00000000c6800000, 0x00000000c6900000|  0%| F|  |TAMS 0x00000000c6800000, 0x00000000c6800000| Untracked 
|  45|0x00000000c6900000, 0x00000000c6900000, 0x00000000c6a00000|  0%| F|  |TAMS 0x00000000c6900000, 0x00000000c6900000| Untracked 
|  46|0x00000000c6a00000, 0x00000000c6a00000, 0x00000000c6b00000|  0%| F|  |TAMS 0x00000000c6a00000, 0x00000000c6a00000| Untracked 
|  47|0x00000000c6b00000, 0x00000000c6b00000, 0x00000000c6c00000|  0%| F|  |TAMS 0x00000000c6b00000, 0x00000000c6b00000| Untracked 
|  48|0x00000000c6c00000, 0x00000000c6c00000, 0x00000000c6d00000|  0%| F|  |TAMS 0x00000000c6c00000, 0x00000000c6c00000| Untracked 
|  49|0x00000000c6d00000, 0x00000000c6d00000, 0x00000000c6e00000|  0%| F|  |TAMS 0x00000000c6d00000, 0x00000000c6d00000| Untracked 
|  50|0x00000000c6e00000, 0x00000000c6e00000, 0x00000000c6f00000|  0%| F|  |TAMS 0x00000000c6e00000, 0x00000000c6e00000| Untracked 
|  51|0x00000000c6f00000, 0x00000000c6f00000, 0x00000000c7000000|  0%| F|  |TAMS 0x00000000c6f00000, 0x00000000c6f00000| Untracked 
|  52|0x00000000c7000000, 0x00000000c7000000, 0x00000000c7100000|  0%| F|  |TAMS 0x00000000c7000000, 0x00000000c7000000| Untracked 
|  53|0x00000000c7100000, 0x00000000c7100000, 0x00000000c7200000|  0%| F|  |TAMS 0x00000000c7100000, 0x00000000c7100000| Untracked 
|  54|0x00000000c7200000, 0x00000000c7200000, 0x00000000c7300000|  0%| F|  |TAMS 0x00000000c7200000, 0x00000000c7200000| Untracked 
|  55|0x00000000c7300000, 0x00000000c7300000, 0x00000000c7400000|  0%| F|  |TAMS 0x00000000c7300000, 0x00000000c7300000| Untracked 
|  56|0x00000000c7400000, 0x00000000c7400000, 0x00000000c7500000|  0%| F|  |TAMS 0x00000000c7400000, 0x00000000c7400000| Untracked 
|  57|0x00000000c7500000, 0x00000000c75759b8, 0x00000000c7600000| 45%| E|  |TAMS 0x00000000c7500000, 0x00000000c7500000| Complete 
|  58|0x00000000c7600000, 0x00000000c7700000, 0x00000000c7700000|100%| E|CS|TAMS 0x00000000c7600000, 0x00000000c7600000| Complete 
|  59|0x00000000c7700000, 0x00000000c7800000, 0x00000000c7800000|100%| E|CS|TAMS 0x00000000c7700000, 0x00000000c7700000| Complete 
|  60|0x00000000c7800000, 0x00000000c7900000, 0x00000000c7900000|100%| E|CS|TAMS 0x00000000c7800000, 0x00000000c7800000| Complete 
|  61|0x00000000c7900000, 0x00000000c7a00000, 0x00000000c7a00000|100%| E|CS|TAMS 0x00000000c7900000, 0x00000000c7900000| Complete 

Card table byte_map: [0x00000177c0160000,0x00000177c0350000] _byte_map_base: 0x00000177bfb42000

Marking Bits (Prev, Next): (CMBitMap*) 0x00000177ad599ba0, (CMBitMap*) 0x00000177ad599be0
 Prev Bits: [0x00000177c0540000, 0x00000177c1450000)
 Next Bits: [0x00000177c1450000, 0x00000177c2360000)

Polling page: 0x00000177ab510000

Metaspace:

Usage:
  Non-class:     30.75 MB capacity,    30.58 MB (>99%) used,   130.49 KB ( <1%) free+waste,    39.06 KB ( <1%) overhead. 
      Class:      3.77 MB capacity,     3.68 MB ( 98%) used,    75.55 KB (  2%) free+waste,    12.94 KB ( <1%) overhead. 
       Both:     34.51 MB capacity,    34.26 MB (>99%) used,   206.04 KB ( <1%) free+waste,    52.00 KB ( <1%) overhead. 

Virtual space:
  Non-class space:       32.00 MB reserved,      30.92 MB ( 97%) committed 
      Class space:        1.00 GB reserved,       3.88 MB ( <1%) committed 
             Both:        1.03 GB reserved,      34.80 MB (  3%) committed 

Chunk freelists:
   Non-Class:  50.00 KB
       Class:  15.00 KB
        Both:  65.00 KB

MaxMetaspaceSize: 17179869184.00 GB
CompressedClassSpaceSize: 1.00 GB

CodeHeap 'non-profiled nmethods': size=120000Kb used=1331Kb max_used=1331Kb free=118668Kb
 bounds [0x00000177b8a40000, 0x00000177b8cb0000, 0x00000177bff70000]
CodeHeap 'profiled nmethods': size=120000Kb used=5368Kb max_used=5368Kb free=114631Kb
 bounds [0x00000177b1510000, 0x00000177b1a50000, 0x00000177b8a40000]
CodeHeap 'non-nmethods': size=5760Kb used=1296Kb max_used=1314Kb free=4463Kb
 bounds [0x00000177b0f70000, 0x00000177b11e0000, 0x00000177b1510000]
 total_blobs=3260 nmethods=2691 adapters=481
 compilation: enabled
              stopped_count=0, restarted_count=0
 full_count=0

Compilation events (20 events):
Event: 9.492 Thread 0x00000177c50c7650 nmethod 2713 0x00000177b8b8b910 code [0x00000177b8b8ba80, 0x00000177b8b8bad8]
Event: 9.492 Thread 0x00000177c50c7650 2664   !   4       java.net.URL::set (114 bytes)
Event: 9.493 Thread 0x00000177c50d0530 2715       3       java.lang.String::chars (43 bytes)
Event: 9.494 Thread 0x00000177c50d0530 nmethod 2715 0x00000177b1a4be10 code [0x00000177b1a4bfe0, 0x00000177b1a4c368]
Event: 9.494 Thread 0x00000177c50d0530 2716       3       java.util.stream.StreamSupport::intStream (14 bytes)
Event: 9.494 Thread 0x00000177c50d0530 nmethod 2716 0x00000177b1a4c490 code [0x00000177b1a4c660, 0x00000177b1a4c918]
Event: 9.494 Thread 0x00000177c50d0530 2717       3       java.util.stream.Sink$ChainedInt::end (10 bytes)
Event: 9.494 Thread 0x00000177c50d0530 nmethod 2717 0x00000177b1a4ca90 code [0x00000177b1a4cc40, 0x00000177b1a4ce08]
Event: 9.495 Thread 0x00000177c50d0530 2718       1       java.util.Formatter$FormatSpecifier::index (5 bytes)
Event: 9.495 Thread 0x00000177c50d0530 nmethod 2718 0x00000177b8b8bc10 code [0x00000177b8b8bda0, 0x00000177b8b8be58]
Event: 9.499 Thread 0x00000177c50c7650 nmethod 2664 0x00000177b8b8bf10 code [0x00000177b8b8c080, 0x00000177b8b8c958]
Event: 9.499 Thread 0x00000177c50c7650 2662   !   4       jdk.internal.loader.BuiltinClassLoader::loadClassOrNull (143 bytes)
Event: 9.503 Thread 0x00000177c50d0530 2719       3       io.netty.buffer.UnsafeByteBufUtil::setByte (7 bytes)
Event: 9.503 Thread 0x00000177c50d0530 nmethod 2719 0x00000177b1a4cf10 code [0x00000177b1a4d0c0, 0x00000177b1a4d338]
Event: 9.503 Thread 0x00000177c50d0530 2720       3       io.netty.util.internal.PlatformDependent::putByte (6 bytes)
Event: 9.503 Thread 0x00000177c50d0530 nmethod 2720 0x00000177b1a4d490 code [0x00000177b1a4d640, 0x00000177b1a4d858]
Event: 9.503 Thread 0x00000177c50d0530 2721       3       io.netty.buffer.PooledUnsafeDirectByteBuf::_setByte (11 bytes)
Event: 9.503 Thread 0x00000177c50d0530 nmethod 2721 0x00000177b1a4d990 code [0x00000177b1a4db60, 0x00000177b1a4deb8]
Event: 9.503 Thread 0x00000177c50d0530 2722       1       io.netty.buffer.PooledByteBuf::capacity (5 bytes)
Event: 9.503 Thread 0x00000177c50d0530 nmethod 2722 0x00000177b8b8ca90 code [0x00000177b8b8cc20, 0x00000177b8b8ccd8]

GC Heap History (12 events):
Event: 1.211 GC heap before
{Heap before GC invocations=0 (full 0):
 garbage-first heap   total 63488K, used 14336K [0x00000000c3c00000, 0x0000000100000000)
  region size 1024K, 13 young (13312K), 0 survivors (0K)
 Metaspace       used 7409K, capacity 7446K, committed 7552K, reserved 1056768K
  class space    used 622K, capacity 628K, committed 640K, reserved 1048576K
}
Event: 1.227 GC heap after
{Heap after GC invocations=1 (full 0):
 garbage-first heap   total 63488K, used 6893K [0x00000000c3c00000, 0x0000000100000000)
  region size 1024K, 2 young (2048K), 2 survivors (2048K)
 Metaspace       used 7409K, capacity 7446K, committed 7552K, reserved 1056768K
  class space    used 622K, capacity 628K, committed 640K, reserved 1048576K
}
Event: 2.272 GC heap before
{Heap before GC invocations=1 (full 0):
 garbage-first heap   total 63488K, used 18157K [0x00000000c3c00000, 0x0000000100000000)
  region size 1024K, 14 young (14336K), 2 survivors (2048K)
 Metaspace       used 13054K, capacity 13263K, committed 13312K, reserved 1060864K
  class space    used 1208K, capacity 1263K, committed 1280K, reserved 1048576K
}
Event: 2.277 GC heap after
{Heap after GC invocations=2 (full 0):
 garbage-first heap   total 63488K, used 11012K [0x00000000c3c00000, 0x0000000100000000)
  region size 1024K, 2 young (2048K), 2 survivors (2048K)
 Metaspace       used 13054K, capacity 13263K, committed 13312K, reserved 1060864K
  class space    used 1208K, capacity 1263K, committed 1280K, reserved 1048576K
}
Event: 3.396 GC heap before
{Heap before GC invocations=2 (full 0):
 garbage-first heap   total 63488K, used 27396K [0x00000000c3c00000, 0x0000000100000000)
  region size 1024K, 18 young (18432K), 2 survivors (2048K)
 Metaspace       used 17098K, capacity 17307K, committed 17408K, reserved 1064960K
  class space    used 1658K, capacity 1693K, committed 1792K, reserved 1048576K
}
Event: 3.400 GC heap after
{Heap after GC invocations=3 (full 0):
 garbage-first heap   total 63488K, used 12952K [0x00000000c3c00000, 0x0000000100000000)
  region size 1024K, 2 young (2048K), 2 survivors (2048K)
 Metaspace       used 17098K, capacity 17307K, committed 17408K, reserved 1064960K
  class space    used 1658K, capacity 1693K, committed 1792K, reserved 1048576K
}
Event: 4.719 GC heap before
{Heap before GC invocations=3 (full 0):
 garbage-first heap   total 63488K, used 28312K [0x00000000c3c00000, 0x0000000100000000)
  region size 1024K, 18 young (18432K), 2 survivors (2048K)
 Metaspace       used 21020K, capacity 21171K, committed 21296K, reserved 1069056K
  class space    used 2062K, capacity 2122K, committed 2176K, reserved 1048576K
}
Event: 4.723 GC heap after
{Heap after GC invocations=4 (full 0):
 garbage-first heap   total 63488K, used 14499K [0x00000000c3c00000, 0x0000000100000000)
  region size 1024K, 4 young (4096K), 4 survivors (4096K)
 Metaspace       used 21020K, capacity 21171K, committed 21296K, reserved 1069056K
  class space    used 2062K, capacity 2122K, committed 2176K, reserved 1048576K
}
Event: 6.144 GC heap before
{Heap before GC invocations=5 (full 0):
 garbage-first heap   total 55296K, used 43171K [0x00000000c3c00000, 0x0000000100000000)
  region size 1024K, 32 young (32768K), 4 survivors (4096K)
 Metaspace       used 29782K, capacity 29976K, committed 30256K, reserved 1077248K
  class space    used 3016K, capacity 3094K, committed 3200K, reserved 1048576K
}
Event: 6.150 GC heap after
{Heap after GC invocations=6 (full 0):
 garbage-first heap   total 55296K, used 16221K [0x00000000c3c00000, 0x0000000100000000)
  region size 1024K, 4 young (4096K), 4 survivors (4096K)
 Metaspace       used 29782K, capacity 29976K, committed 30256K, reserved 1077248K
  class space    used 3016K, capacity 3094K, committed 3200K, reserved 1048576K
}
Event: 6.661 GC heap before
{Heap before GC invocations=6 (full 0):
 garbage-first heap   total 55296K, used 32605K [0x00000000c3c00000, 0x0000000100000000)
  region size 1024K, 21 young (21504K), 4 survivors (4096K)
 Metaspace       used 33879K, capacity 34133K, committed 34352K, reserved 1079296K
  class space    used 3620K, capacity 3689K, committed 3712K, reserved 1048576K
}
Event: 6.667 GC heap after
{Heap after GC invocations=7 (full 0):
 garbage-first heap   total 55296K, used 17400K [0x00000000c3c00000, 0x0000000100000000)
  region size 1024K, 2 young (2048K), 2 survivors (2048K)
 Metaspace       used 33879K, capacity 34133K, committed 34352K, reserved 1079296K
  class space    used 3620K, capacity 3689K, committed 3712K, reserved 1048576K
}

Deoptimization events (20 events):
Event: 5.479 Thread 0x00000177ad56b1d0 DEOPT PACKING pc=0x00000177b8b513a8 sp=0x000000225aafbce0
Event: 5.479 Thread 0x00000177ad56b1d0 DEOPT UNPACKING pc=0x00000177b0f7852f sp=0x000000225aafbc68 mode 2
Event: 5.479 Thread 0x00000177ad56b1d0 Uncommon trap: trap_request=0xffffffde fr.pc=0x00000177b8b513a8 relative=0x0000000000000108
Event: 5.479 Thread 0x00000177ad56b1d0 Uncommon trap: reason=class_check action=maybe_recompile pc=0x00000177b8b513a8 method=jdk.internal.misc.Unsafe.allocateUninitializedArray(Ljava/lang/Class;I)Ljava/lang/Object; @ 51 c2
Event: 5.479 Thread 0x00000177ad56b1d0 DEOPT PACKING pc=0x00000177b8b513a8 sp=0x000000225aafb8f0
Event: 5.479 Thread 0x00000177ad56b1d0 DEOPT UNPACKING pc=0x00000177b0f7852f sp=0x000000225aafb878 mode 2
Event: 5.598 Thread 0x00000177ad56b1d0 Uncommon trap: trap_request=0xffffff45 fr.pc=0x00000177b8ace388 relative=0x0000000000000568
Event: 5.598 Thread 0x00000177ad56b1d0 Uncommon trap: reason=unstable_if action=reinterpret pc=0x00000177b8ace388 method=java.lang.String.replace(CC)Ljava/lang/String; @ 2 c2
Event: 5.598 Thread 0x00000177ad56b1d0 DEOPT PACKING pc=0x00000177b8ace388 sp=0x000000225aafd4a0
Event: 5.598 Thread 0x00000177ad56b1d0 DEOPT UNPACKING pc=0x00000177b0f7852f sp=0x000000225aafd450 mode 2
Event: 5.615 Thread 0x00000177c691f6e0 Uncommon trap: trap_request=0xffffff45 fr.pc=0x00000177b8b266b8 relative=0x0000000000000098
Event: 5.615 Thread 0x00000177c691f6e0 Uncommon trap: reason=unstable_if action=reinterpret pc=0x00000177b8b266b8 method=java.lang.CharacterDataLatin1.digit(II)I @ 12 c2
Event: 5.615 Thread 0x00000177c691f6e0 DEOPT PACKING pc=0x00000177b8b266b8 sp=0x000000225c5fe450
Event: 5.615 Thread 0x00000177c691f6e0 DEOPT UNPACKING pc=0x00000177b0f7852f sp=0x000000225c5fe3e0 mode 2
Event: 6.490 Thread 0x00000177ad56b1d0 DEOPT PACKING pc=0x00000177b198c89a sp=0x000000225aafb750
Event: 6.490 Thread 0x00000177ad56b1d0 DEOPT UNPACKING pc=0x00000177b0fbf6cf sp=0x000000225aafac60 mode 0
Event: 9.480 Thread 0x00000177c7692210 Uncommon trap: trap_request=0xffffffcc fr.pc=0x00000177b8b8444c relative=0x00000000000002ac
Event: 9.480 Thread 0x00000177c7692210 Uncommon trap: reason=intrinsic_or_type_checked_inlining action=make_not_entrant pc=0x00000177b8b8444c method=java.util.Arrays.copyOf([Ljava/lang/Object;ILjava/lang/Class;)[Ljava/lang/Object; @ 35 c2
Event: 9.480 Thread 0x00000177c7692210 DEOPT PACKING pc=0x00000177b8b8444c sp=0x000000225cbfdeb0
Event: 9.480 Thread 0x00000177c7692210 DEOPT UNPACKING pc=0x00000177b0f7852f sp=0x000000225cbfde58 mode 2

Classes unloaded (0 events):
No events

Classes redefined (0 events):
No events

Internal exceptions (20 events):
Event: 5.541 Thread 0x00000177ad56b1d0 Exception <a 'java/lang/NoSuchMethodError'{0x00000000c55b7fd0}: 'java.lang.Object java.lang.invoke.DirectMethodHandle$Holder.invokeSpecialIFC(java.lang.Object, java.lang.Object, java.lang.Object, java.lang.Object)'> (0x00000000c55b7fd0) 
thrown [./open/src/hotspot/share/interpreter/linkResolver.cpp, line 782]
Event: 5.616 Thread 0x00000177c7cbebe0 Exception <a 'java/lang/NoSuchMethodError'{0x00000000c52108a8}: 'void java.lang.invoke.DirectMethodHandle$Holder.invokeStatic(java.lang.Object, long)'> (0x00000000c52108a8) 
thrown [./open/src/hotspot/share/interpreter/linkResolver.cpp, line 782]
Event: 5.617 Thread 0x00000177c7cbebe0 Exception <a 'java/lang/NoSuchMethodError'{0x00000000c5216040}: 'java.lang.Object java.lang.invoke.DirectMethodHandle$Holder.newInvokeSpecial(java.lang.Object, long)'> (0x00000000c5216040) 
thrown [./open/src/hotspot/share/interpreter/linkResolver.cpp, line 782]
Event: 5.622 Thread 0x00000177c7cbebe0 Exception <a 'java/lang/NoSuchMethodError'{0x00000000c52207b0}: 'java.lang.Object java.lang.invoke.DirectMethodHandle$Holder.invokeStaticInit(java.lang.Object, java.lang.Object, long, java.lang.Object)'> (0x00000000c52207b0) 
thrown [./open/src/hotspot/share/interpreter/linkResolver.cpp, line 782]
Event: 5.625 Thread 0x00000177c7cbebe0 Exception <a 'java/lang/NoSuchMethodError'{0x00000000c5226bf0}: 'java.lang.Object java.lang.invoke.DirectMethodHandle$Holder.newInvokeSpecial(java.lang.Object, java.lang.Object, long)'> (0x00000000c5226bf0) 
thrown [./open/src/hotspot/share/interpreter/linkResolver.cpp, line 782]
Event: 5.625 Thread 0x00000177c7cbebe0 Exception <a 'java/lang/NoSuchMethodError'{0x00000000c522a960}: 'java.lang.Object java.lang.invoke.Invokers$Holder.linkToTargetMethod(java.lang.Object, long, java.lang.Object)'> (0x00000000c522a960) 
thrown [./open/src/hotspot/share/interpreter/linkResolver.cpp, line 782]
Event: 6.126 Thread 0x00000177c691f6e0 Exception <a 'java/net/SocketException'{0x00000000c5270530}: Socket is not connected: shutdown> (0x00000000c5270530) 
thrown [./open/src/hotspot/share/prims/jni.cpp, line 599]
Event: 6.161 Thread 0x00000177ad56b1d0 Exception <a 'java/lang/NoSuchMethodError'{0x00000000c7985f48}: 'java.lang.Object java.lang.invoke.DirectMethodHandle$Holder.invokeInterface(java.lang.Object, java.lang.Object, java.lang.Object)'> (0x00000000c7985f48) 
thrown [./open/src/hotspot/share/interpreter/linkResolver.cpp, line 782]
Event: 6.162 Thread 0x00000177ad56b1d0 Exception <a 'java/lang/IncompatibleClassChangeError'{0x00000000c79897e0}: Found class java.lang.Object, but interface was expected> (0x00000000c79897e0) 
thrown [./open/src/hotspot/share/interpreter/linkResolver.cpp, line 848]
Event: 6.163 Thread 0x00000177ad56b1d0 Exception <a 'java/lang/NoSuchMethodError'{0x00000000c7992830}: 'int java.lang.invoke.DirectMethodHandle$Holder.invokeSpecialIFC(java.lang.Object, java.lang.Object, java.lang.Object, java.lang.Object)'> (0x00000000c7992830) 
thrown [./open/src/hotspot/share/interpreter/linkResolver.cpp, line 782]
Event: 6.164 Thread 0x00000177ad56b1d0 Exception <a 'java/lang/NoSuchMethodError'{0x00000000c799b4f0}: 'java.lang.Object java.lang.invoke.DirectMethodHandle$Holder.invokeInterface(java.lang.Object, java.lang.Object, java.lang.Object, java.lang.Object)'> (0x00000000c799b4f0) 
thrown [./open/src/hotspot/share/interpreter/linkResolver.cpp, line 782]
Event: 6.167 Thread 0x00000177ad56b1d0 Exception <a 'java/lang/NoSuchMethodError'{0x00000000c79a84c0}: 'void java.lang.invoke.DirectMethodHandle$Holder.invokeInterface(java.lang.Object, java.lang.Object, java.lang.Object)'> (0x00000000c79a84c0) 
thrown [./open/src/hotspot/share/interpreter/linkResolver.cpp, line 782]
Event: 6.176 Thread 0x00000177ad56b1d0 Exception <a 'java/lang/NoSuchMethodError'{0x00000000c79e1768}: 'double java.lang.invoke.DirectMethodHandle$Holder.invokeVirtual(java.lang.Object, java.lang.Object)'> (0x00000000c79e1768) 
thrown [./open/src/hotspot/share/interpreter/linkResolver.cpp, line 782]
Event: 6.177 Thread 0x00000177ad56b1d0 Exception <a 'java/lang/NoSuchMethodError'{0x00000000c79e8548}: 'float java.lang.invoke.DirectMethodHandle$Holder.invokeVirtual(java.lang.Object, java.lang.Object)'> (0x00000000c79e8548) 
thrown [./open/src/hotspot/share/interpreter/linkResolver.cpp, line 782]
Event: 6.178 Thread 0x00000177ad56b1d0 Exception <a 'java/lang/NoSuchMethodError'{0x00000000c79f1d38}: 'long java.lang.invoke.DirectMethodHandle$Holder.invokeVirtual(java.lang.Object, java.lang.Object)'> (0x00000000c79f1d38) 
thrown [./open/src/hotspot/share/interpreter/linkResolver.cpp, line 782]
Event: 6.219 Thread 0x00000177ad56b1d0 Exception <a 'java/lang/NoSuchMethodError'{0x00000000c6f54510}: 'void java.lang.invoke.DirectMethodHandle$Holder.invokeSpecial(java.lang.Object, java.lang.Object, java.lang.Object, java.lang.Object, java.lang.Object)'> (0x00000000c6f54510) 
thrown [./open/src/hotspot/share/interpreter/linkResolver.cpp, line 782]
Event: 6.245 Thread 0x00000177ad56b1d0 Exception <a 'java/lang/NoSuchMethodError'{0x00000000c6e32488}: 'java.lang.Object java.lang.invoke.DirectMethodHandle$Holder.newInvokeSpecial(java.lang.Object, java.lang.Object, java.lang.Object, java.lang.Object, java.lang.Object)'> (0x00000000c6e32488) 
thrown [./open/src/hotspot/share/interpreter/linkResolver.cpp, line 782]
Event: 6.494 Thread 0x00000177ad56b1d0 Exception <a 'java/lang/NoSuchMethodError'{0x00000000c67b7fd8}: 'void java.lang.invoke.DirectMethodHandle$Holder.invokeSpecial(java.lang.Object, java.lang.Object, java.lang.Object, java.lang.Object, java.lang.Object, java.lang.Object)'> (0x00000000c67b7fd8) 
thrown [./open/src/hotspot/share/interpreter/linkResolver.cpp, line 782]
Event: 9.333 Thread 0x00000177ad56b1d0 Exception <a 'java/lang/NoSuchMethodError'{0x00000000c7837580}: 'java.lang.Object java.lang.invoke.DirectMethodHandle$Holder.invokeSpecialIFC(java.lang.Object, java.lang.Object, java.lang.Object)'> (0x00000000c7837580) 
thrown [./open/src/hotspot/share/interpreter/linkResolver.cpp, line 782]
Event: 9.371 Thread 0x00000177ad56b1d0 Exception <a 'java/lang/ClassNotFoundException'{0x00000000c789ffd0}: sun/util/logging/resources/spi/loggingProvider> (0x00000000c789ffd0) 
thrown [./open/src/hotspot/share/classfile/systemDictionary.cpp, line 295]

Events (20 events):
Event: 9.375 loading class java/time/LocalTime$1
Event: 9.375 loading class java/time/LocalTime$1 done
Event: 9.433 Thread 0x00000177c7693a20 Thread added: 0x00000177c7693a20
Event: 9.469 loading class java/util/Base64
Event: 9.469 loading class java/util/Base64 done
Event: 9.470 loading class java/util/Base64$Encoder
Event: 9.470 loading class java/util/Base64$Encoder done
Event: 9.472 Thread 0x00000177c7692210 Thread added: 0x00000177c7692210
Event: 9.476 loading class java/util/concurrent/CompletableFuture$UniExceptionally
Event: 9.476 loading class java/util/concurrent/CompletableFuture$UniCompletion
Event: 9.477 loading class java/util/concurrent/CompletableFuture$UniCompletion done
Event: 9.477 loading class java/util/concurrent/CompletableFuture$UniExceptionally done
Event: 9.477 loading class java/lang/Throwable$WrappedPrintStream
Event: 9.477 loading class java/lang/Throwable$PrintStreamOrWriter
Event: 9.477 loading class java/lang/Throwable$PrintStreamOrWriter done
Event: 9.477 loading class java/lang/Throwable$WrappedPrintStream done
Event: 9.477 loading class java/lang/StackTraceElement$HashedModules
Event: 9.477 loading class java/lang/StackTraceElement$HashedModules done
Event: 9.480 loading class java/lang/Throwable$WrappedPrintWriter
Event: 9.480 loading class java/lang/Throwable$WrappedPrintWriter done


Dynamic libraries:
0x00007ff778fe0000 - 0x00007ff778fed000 	C:\Users\jayab\.p2\pool\plugins\org.eclipse.justj.openjdk.hotspot.jre.full.win32.x86_64_15.0.2.v20210201-0955\jre\bin\javaw.exe
0x00007ff8efaf0000 - 0x00007ff8efce5000 	C:\WINDOWS\SYSTEM32\ntdll.dll
0x00007ff8edb50000 - 0x00007ff8edc0d000 	C:\WINDOWS\System32\KERNEL32.DLL
0x00007ff8ed640000 - 0x00007ff8ed909000 	C:\WINDOWS\System32\KERNELBASE.dll
0x00007ff8ed3c0000 - 0x00007ff8ed4c0000 	C:\WINDOWS\System32\ucrtbase.dll
0x00007ff8dfd80000 - 0x00007ff8dfd99000 	C:\Users\jayab\.p2\pool\plugins\org.eclipse.justj.openjdk.hotspot.jre.full.win32.x86_64_15.0.2.v20210201-0955\jre\bin\VCRUNTIME140.dll
0x00007ff8e6fa0000 - 0x00007ff8e6fb8000 	C:\Users\jayab\.p2\pool\plugins\org.eclipse.justj.openjdk.hotspot.jre.full.win32.x86_64_15.0.2.v20210201-0955\jre\bin\jli.dll
0x00007ff8ee410000 - 0x00007ff8ee5b0000 	C:\WINDOWS\System32\USER32.dll
0x00007ff8edb20000 - 0x00007ff8edb42000 	C:\WINDOWS\System32\win32u.dll
0x00007ff8ee060000 - 0x00007ff8ee08a000 	C:\WINDOWS\System32\GDI32.dll
0x00007ff8ed280000 - 0x00007ff8ed38b000 	C:\WINDOWS\System32\gdi32full.dll
0x00007ff8ed520000 - 0x00007ff8ed5bd000 	C:\WINDOWS\System32\msvcp_win.dll
0x00007ff8d1480000 - 0x00007ff8d171a000 	C:\WINDOWS\WinSxS\amd64_microsoft.windows.common-controls_6595b64144ccf1df_6.0.19041.844_none_ca00b6081b84eb1d\COMCTL32.dll
0x00007ff8ef270000 - 0x00007ff8ef30e000 	C:\WINDOWS\System32\msvcrt.dll
0x00007ff8ee030000 - 0x00007ff8ee060000 	C:\WINDOWS\System32\IMM32.DLL
0x00007ff8e70f0000 - 0x00007ff8e70fc000 	C:\Users\jayab\.p2\pool\plugins\org.eclipse.justj.openjdk.hotspot.jre.full.win32.x86_64_15.0.2.v20210201-0955\jre\bin\vcruntime140_1.dll
0x00007ff8ceac0000 - 0x00007ff8ceb51000 	C:\Users\jayab\.p2\pool\plugins\org.eclipse.justj.openjdk.hotspot.jre.full.win32.x86_64_15.0.2.v20210201-0955\jre\bin\msvcp140.dll
0x00007ff8ab6d0000 - 0x00007ff8ac22e000 	C:\Users\jayab\.p2\pool\plugins\org.eclipse.justj.openjdk.hotspot.jre.full.win32.x86_64_15.0.2.v20210201-0955\jre\bin\server\jvm.dll
0x00007ff8ee360000 - 0x00007ff8ee40c000 	C:\WINDOWS\System32\ADVAPI32.dll
0x00007ff8ef310000 - 0x00007ff8ef3ac000 	C:\WINDOWS\System32\sechost.dll
0x00007ff8edc10000 - 0x00007ff8edd3b000 	C:\WINDOWS\System32\RPCRT4.dll
0x00007ff8edd40000 - 0x00007ff8edd48000 	C:\WINDOWS\System32\PSAPI.DLL
0x00007ff8eaa00000 - 0x00007ff8eaa09000 	C:\WINDOWS\SYSTEM32\WSOCK32.dll
0x00007ff8ef0c0000 - 0x00007ff8ef12b000 	C:\WINDOWS\System32\WS2_32.dll
0x00007ff8e2350000 - 0x00007ff8e235a000 	C:\WINDOWS\SYSTEM32\VERSION.dll
0x00007ff8d3d00000 - 0x00007ff8d3d27000 	C:\WINDOWS\SYSTEM32\WINMM.dll
0x00007ff8ebb60000 - 0x00007ff8ebb72000 	C:\WINDOWS\SYSTEM32\kernel.appcore.dll
0x00007ff8e6f70000 - 0x00007ff8e6f7a000 	C:\Users\jayab\.p2\pool\plugins\org.eclipse.justj.openjdk.hotspot.jre.full.win32.x86_64_15.0.2.v20210201-0955\jre\bin\jimage.dll
0x00007ff8eb8f0000 - 0x00007ff8ebad4000 	C:\WINDOWS\SYSTEM32\DBGHELP.DLL
0x00007ff8e2e20000 - 0x00007ff8e2e4c000 	C:\WINDOWS\SYSTEM32\dbgcore.DLL
0x00007ff8ed5c0000 - 0x00007ff8ed640000 	C:\WINDOWS\System32\bcryptPrimitives.dll
0x00007ff8e2c50000 - 0x00007ff8e2c75000 	C:\Users\jayab\.p2\pool\plugins\org.eclipse.justj.openjdk.hotspot.jre.full.win32.x86_64_15.0.2.v20210201-0955\jre\bin\java.dll
0x00007ff8e25f0000 - 0x00007ff8e2608000 	C:\Users\jayab\.p2\pool\plugins\org.eclipse.justj.openjdk.hotspot.jre.full.win32.x86_64_15.0.2.v20210201-0955\jre\bin\zip.dll
0x00007ff8ee5b0000 - 0x00007ff8eecf2000 	C:\WINDOWS\System32\SHELL32.dll
0x00007ff8eb160000 - 0x00007ff8eb8f0000 	C:\WINDOWS\SYSTEM32\windows.storage.dll
0x00007ff8eed00000 - 0x00007ff8ef055000 	C:\WINDOWS\System32\combase.dll
0x00007ff8ecbd0000 - 0x00007ff8ecbfc000 	C:\WINDOWS\SYSTEM32\Wldp.dll
0x00007ff8ef8d0000 - 0x00007ff8ef97e000 	C:\WINDOWS\System32\SHCORE.dll
0x00007ff8ee2a0000 - 0x00007ff8ee2f5000 	C:\WINDOWS\System32\shlwapi.dll
0x00007ff8ed170000 - 0x00007ff8ed18f000 	C:\WINDOWS\SYSTEM32\profapi.dll
0x00007ff8e1e10000 - 0x00007ff8e1e29000 	C:\Users\jayab\.p2\pool\plugins\org.eclipse.justj.openjdk.hotspot.jre.full.win32.x86_64_15.0.2.v20210201-0955\jre\bin\net.dll
0x00007ff8e21f0000 - 0x00007ff8e22fc000 	C:\WINDOWS\SYSTEM32\WINHTTP.dll
0x00007ff8ec950000 - 0x00007ff8ec9ba000 	C:\WINDOWS\system32\mswsock.dll
0x00007ff8e1da0000 - 0x00007ff8e1db2000 	C:\Users\jayab\.p2\pool\plugins\org.eclipse.justj.openjdk.hotspot.jre.full.win32.x86_64_15.0.2.v20210201-0955\jre\bin\nio.dll
0x00007ff8ec680000 - 0x00007ff8ec74b000 	C:\WINDOWS\SYSTEM32\DNSAPI.dll
0x00007ff8ec640000 - 0x00007ff8ec67b000 	C:\WINDOWS\SYSTEM32\IPHLPAPI.DLL
0x00007ff8ee020000 - 0x00007ff8ee028000 	C:\WINDOWS\System32\NSI.dll
0x00007ff8d5e20000 - 0x00007ff8d5e2a000 	C:\Windows\System32\rasadhlp.dll
0x00007ff8d5f80000 - 0x00007ff8d5fff000 	C:\WINDOWS\System32\fwpuclnt.dll
0x00007ff8ed390000 - 0x00007ff8ed3b7000 	C:\WINDOWS\System32\bcrypt.dll
0x00007ff8ecb20000 - 0x00007ff8ecb38000 	C:\WINDOWS\SYSTEM32\CRYPTSP.dll
0x00007ff8ec2f0000 - 0x00007ff8ec324000 	C:\WINDOWS\system32\rsaenh.dll
0x00007ff8ed0f0000 - 0x00007ff8ed11e000 	C:\WINDOWS\SYSTEM32\USERENV.dll
0x00007ff8ecb40000 - 0x00007ff8ecb4c000 	C:\WINDOWS\SYSTEM32\CRYPTBASE.dll
0x00007ff8eb080000 - 0x00007ff8eb097000 	C:\WINDOWS\SYSTEM32\dhcpcsvc6.DLL
0x00007ff8eb060000 - 0x00007ff8eb07d000 	C:\WINDOWS\SYSTEM32\dhcpcsvc.DLL
0x00007ff8e6f10000 - 0x00007ff8e6f20000 	C:\Users\jayab\.p2\pool\plugins\org.eclipse.justj.openjdk.hotspot.jre.full.win32.x86_64_15.0.2.v20210201-0955\jre\bin\verify.dll
0x00007ff8e2750000 - 0x00007ff8e275d000 	C:\Users\jayab\.p2\pool\plugins\org.eclipse.justj.openjdk.hotspot.jre.full.win32.x86_64_15.0.2.v20210201-0955\jre\bin\sunmscapi.dll
0x00007ff8ed9c0000 - 0x00007ff8edb1f000 	C:\WINDOWS\System32\CRYPT32.dll
0x00007ff8ecca0000 - 0x00007ff8eccc7000 	C:\WINDOWS\SYSTEM32\ncrypt.dll
0x00007ff8ecc60000 - 0x00007ff8ecc9b000 	C:\WINDOWS\SYSTEM32\NTASN1.dll
0x00007ff8e1d90000 - 0x00007ff8e1d99000 	C:\Users\jayab\.p2\pool\plugins\org.eclipse.justj.openjdk.hotspot.jre.full.win32.x86_64_15.0.2.v20210201-0955\jre\bin\management.dll
0x00007ff8e0f60000 - 0x00007ff8e0f6b000 	C:\Users\jayab\.p2\pool\plugins\org.eclipse.justj.openjdk.hotspot.jre.full.win32.x86_64_15.0.2.v20210201-0955\jre\bin\management_ext.dll
0x00007ff8c93e0000 - 0x00007ff8c93f7000 	C:\WINDOWS\system32\napinsp.dll
0x00007ff89bae0000 - 0x00007ff89bafb000 	C:\WINDOWS\system32\pnrpnsp.dll
0x00007ff8c6d80000 - 0x00007ff8c6d95000 	C:\WINDOWS\system32\wshbth.dll
0x00007ff8dd1c0000 - 0x00007ff8dd1dd000 	C:\WINDOWS\system32\NLAapi.dll
0x00007ff89bac0000 - 0x00007ff89bad2000 	C:\WINDOWS\System32\winrnr.dll

dbghelp: loaded successfully - version: 4.0.5 - missing functions: none
symbol engine: initialized successfully - sym options: 0x614 - pdb path: .;C:\Users\jayab\.p2\pool\plugins\org.eclipse.justj.openjdk.hotspot.jre.full.win32.x86_64_15.0.2.v20210201-0955\jre\bin;C:\WINDOWS\SYSTEM32;C:\WINDOWS\WinSxS\amd64_microsoft.windows.common-controls_6595b64144ccf1df_6.0.19041.844_none_ca00b6081b84eb1d;C:\Users\jayab\.p2\pool\plugins\org.eclipse.justj.openjdk.hotspot.jre.full.win32.x86_64_15.0.2.v20210201-0955\jre\bin\server

VM Arguments:
jvm_args: -ea -Dfile.encoding=Cp1252 -XX:+ShowCodeDetailsInExceptionMessages 
java_command: org.testng.remote.RemoteTestNG -serport 57919 -protocol json -d C:\Users\jayab\eclipse-workspace\NewModelWithReport\NewModelWithReport\test-output C:\Users\jayab\eclipse-workspace\NewModelWithReport\NewModelWithReport\testng.xml
java_class_path (initial): C:\Users\jayab\eclipse\java-2021-03\eclipse\configuration\org.eclipse.osgi\444\0\.cp\lib\testng-remote.jar;C:\Users\jayab\eclipse-workspace\NewModelWithReport\NewModelWithReport\target\test-classes;C:\Users\jayab\eclipse-workspace\NewModelWithReport\NewModelWithReport\target\classes;C:\Users\jayab\.m2\repository\org\seleniumhq\selenium\selenium-java\4.0.0-alpha-6\selenium-java-4.0.0-alpha-6.jar;C:\Users\jayab\.m2\repository\org\seleniumhq\selenium\selenium-api\4.0.0-alpha-6\selenium-api-4.0.0-alpha-6.jar;C:\Users\jayab\.m2\repository\org\seleniumhq\selenium\selenium-chrome-driver\4.0.0-alpha-6\selenium-chrome-driver-4.0.0-alpha-6.jar;C:\Users\jayab\.m2\repository\com\google\auto\service\auto-service-annotations\1.0-rc6\auto-service-annotations-1.0-rc6.jar;C:\Users\jayab\.m2\repository\com\google\auto\service\auto-service\1.0-rc6\auto-service-1.0-rc6.jar;C:\Users\jayab\.m2\repository\com\google\auto\auto-common\0.10\auto-common-0.10.jar;C:\Users\jayab\.m2\repository\com\google\guava\guava\29.0-jre\guava-29.0-jre.jar;C:\Users\jayab\.m2\repository\com\google\guava\failureaccess\1.0.1\failureaccess-1.0.1.jar;C:\Users\jayab\.m2\repository\com\google\guava\listenablefuture\9999.0-empty-to-avoid-conflict-with-guava\listenablefuture-9999.0-empty-to-avoid-conflict-with-guava.jar;C:\Users\jayab\.m2\repository\com\google\code\findbugs\jsr305\3.0.2\jsr305-3.0.2.jar;C:\Users\jayab\.m2\repository\org\checkerframework\checker-qual\2.11.1\checker-qual-2.11.1.jar;C:\Users\jayab\.m2\repository\com\google\errorprone\error_prone_annotations\2.3.4\error_prone_annotations-2.3.4.jar;C:\Users\jayab\.m2\repository\com\google\j2objc\j2objc-annotations\1.3\j2objc-annotations-1.3.jar;C:\Users\jayab\.m2\repository\org\seleniumhq\selenium\selenium-chromium-driver\4.0.0-alpha-6\selenium-chromium-driver-4.0.0-alpha-6.jar;C:\Users\jayab\.m2\repository\org\seleniumhq\selenium\selenium-devtools\4.0.0-alpha-6\selenium-devtools-4.0.0-alpha-6.jar;C:\Users\jayab\.m2\repositor
Launcher Type: SUN_STANDARD

[Global flags]
     intx CICompilerCount                          = 3                                         {product} {ergonomic}
     uint ConcGCThreads                            = 1                                         {product} {ergonomic}
     uint G1ConcRefinementThreads                  = 4                                         {product} {ergonomic}
   size_t G1HeapRegionSize                         = 1048576                                   {product} {ergonomic}
    uintx GCDrainStackTargetSize                   = 64                                        {product} {ergonomic}
   size_t InitialHeapSize                          = 65011712                                  {product} {ergonomic}
   size_t MarkStackSize                            = 4194304                                   {product} {ergonomic}
   size_t MaxHeapSize                              = 1010827264                                {product} {ergonomic}
   size_t MaxNewSize                               = 606076928                                 {product} {ergonomic}
   size_t MinHeapDeltaBytes                        = 1048576                                   {product} {ergonomic}
   size_t MinHeapSize                              = 8388608                                   {product} {ergonomic}
    uintx NonNMethodCodeHeapSize                   = 5832780                                {pd product} {ergonomic}
    uintx NonProfiledCodeHeapSize                  = 122912730                              {pd product} {ergonomic}
    uintx ProfiledCodeHeapSize                     = 122912730                              {pd product} {ergonomic}
    uintx ReservedCodeCacheSize                    = 251658240                              {pd product} {ergonomic}
     bool SegmentedCodeCache                       = true                                      {product} {ergonomic}
     bool ShowCodeDetailsInExceptionMessages       = true                                   {manageable} {command line}
   size_t SoftMaxHeapSize                          = 1010827264                             {manageable} {ergonomic}
     bool UseCompressedClassPointers               = true                                 {lp64_product} {ergonomic}
     bool UseCompressedOops                        = true                                 {lp64_product} {ergonomic}
     bool UseG1GC                                  = true                                      {product} {ergonomic}
     bool UseLargePagesIndividualAllocation        = false                                  {pd product} {ergonomic}

Logging:
Log output configuration:
 #0: stdout all=warning uptime,level,tags
 #1: stderr all=off uptime,level,tags

Environment Variables:
CLASSPATH=C:\Program Files\Java\jdk1.8.0_281\lib
PATH=C:/Users/jayab/.p2/pool/plugins/org.eclipse.justj.openjdk.hotspot.jre.full.win32.x86_64_15.0.2.v20210201-0955/jre/bin/server;C:/Users/jayab/.p2/pool/plugins/org.eclipse.justj.openjdk.hotspot.jre.full.win32.x86_64_15.0.2.v20210201-0955/jre/bin;C:\Program Files\Java\jdk1.8.0_281\bin;C:\Users\jayab\AppData\Local\Microsoft\WindowsApps;;C:\WINDOWS\system32;
USERNAME=jayab
OS=Windows_NT
PROCESSOR_IDENTIFIER=Intel64 Family 6 Model 126 Stepping 5, GenuineIntel



---------------  S Y S T E M  ---------------

OS:
 Windows 10 , 64 bit Build 19041 (10.0.19041.804)
OS uptime: 2 days 21:05 hours

CPU: total 4 (initial active 4) (2 cores per cpu, 2 threads per core) family 6 model 126 stepping 5 microcode 0x56, cmov, cx8, fxsr, mmx, sse, sse2, sse3, ssse3, sse4.1, sse4.2, popcnt, vzeroupper, avx, avx2, aes, clmul, erms, 3dnowpref, lzcnt, ht, tsc, tscinvbit, bmi1, bmi2, adx, avx512f, avx512dq, avx512cd, avx512bw, avx512vl, avx512_vpopcntdq, avx512_vpclmulqdq, avx512_vbmi, avx512_vbmi2, avx512_vaes, avx512_vnni, sha, fma, clflush, clflushopt

Memory: 4k page, system-wide physical 3850M (156M free)
TotalPageFile size 15626M (AvailPageFile size 4M)
current process WorkingSet (physical memory assigned to process): 190M, peak: 191M
current process commit charge ("private bytes"): 235M, peak: 248M

vm_info: OpenJDK 64-Bit Server VM (15.0.2+7-27) for windows-amd64 JRE (15.0.2+7-27), built on Dec  7 2020 20:02:38 by "mach5one" with unknown MS VC++:1925

END.
